<?xml version="1.0" encoding="UTF-8"?>
<!-- Generated by org.testng.reporters.JUnitReportReporter -->
<testsuite hostname="Subharak" failures="0" tests="1" name="com.tarakeswar.testRunner.TestRunner" time="30.516" errors="0" timestamp="2023-04-26T04:07:13 IST" skipped="0">
  <testcase classname="com.tarakeswar.testRunner.TestRunner" name="runScenario" time="30.516"/>
  <system-out/>
</testsuite> <!-- com.tarakeswar.testRunner.TestRunner -->
