<?xml version="1.0" encoding="UTF-8"?>
<!-- Generated by org.testng.reporters.JUnitReportReporter -->
<testsuite hostname="Subharak" failures="0" tests="3" name="com.tarakeswar.testRunner.TestRunner" time="124.361" errors="0" timestamp="2023-04-26T04:36:21 IST" skipped="0">
  <testcase classname="com.tarakeswar.testRunner.TestRunner" name="runScenario" time="28.002"/>
  <system-out/>
  <testcase classname="com.tarakeswar.testRunner.TestRunner" name="runScenario" time="70.109"/>
  <system-out/>
  <testcase classname="com.tarakeswar.testRunner.TestRunner" name="runScenario" time="26.250"/>
  <system-out/>
</testsuite> <!-- com.tarakeswar.testRunner.TestRunner -->
